INFO:__main__:generated 50 items

INFO:__main__:

INFO:__main__:Test0, 89, 81
INFO:__main__:Test1, 4, 6
INFO:__main__:Test2, 65, 51
INFO:__main__:Test3, 73, 31
INFO:__main__:Test4, 23, 40
INFO:__main__:Test5, 46, 69
INFO:__main__:Test6, 68, 79
INFO:__main__:Test7, 26, 26
INFO:__main__:Test8, 53, 100
INFO:__main__:Test9, 54, 26
INFO:__main__:

INFO:__main__:Sulfuras, The Hand of Ragnaros, 40, 80
INFO:__main__:Sulfuras, The Hand of Ragnaros, 92, 80
INFO:__main__:Sulfuras, The Hand of Ragnaros, 94, 80
INFO:__main__:Sulfuras, The Hand of Ragnaros, 14, 80
INFO:__main__:Sulfuras, The Hand of Ragnaros, 3, 80
INFO:__main__:Sulfuras, The Hand of Ragnaros, 20, 80
INFO:__main__:Sulfuras, The Hand of Ragnaros, 93, 80
INFO:__main__:Sulfuras, The Hand of Ragnaros, 17, 80
INFO:__main__:Sulfuras, The Hand of Ragnaros, 84, 80
INFO:__main__:Sulfuras, The Hand of Ragnaros, 59, 80
INFO:__main__:

INFO:__main__:Aged Brie, 39, 19
INFO:__main__:Aged Brie, 24, 4
INFO:__main__:Aged Brie, 5, 58
INFO:__main__:Aged Brie, 5, 19
INFO:__main__:Aged Brie, 29, 59
INFO:__main__:Aged Brie, 2, 100
INFO:__main__:Aged Brie, 21, 22
INFO:__main__:Aged Brie, 87, 93
INFO:__main__:Aged Brie, 10, 45
INFO:__main__:Aged Brie, 45, 74
INFO:__main__:

INFO:__main__:Backstage passesTest30, 25, 80
INFO:__main__:Backstage passesTest31, 62, 15
INFO:__main__:Backstage passesTest32, 93, 80
INFO:__main__:Backstage passesTest33, 97, 47
INFO:__main__:Backstage passesTest34, 19, 54
INFO:__main__:Backstage passesTest35, 84, 53
INFO:__main__:Backstage passesTest36, 14, 26
INFO:__main__:Backstage passesTest37, 56, 96
INFO:__main__:Backstage passesTest38, 7, 1
INFO:__main__:Backstage passesTest39, 23, 7
INFO:__main__:

INFO:__main__:ConjuredTest40, 42, 15
INFO:__main__:ConjuredTest41, 29, 17
INFO:__main__:ConjuredTest42, 5, 37
INFO:__main__:ConjuredTest43, 67, 86
INFO:__main__:ConjuredTest44, 82, 9
INFO:__main__:ConjuredTest45, 64, 81
INFO:__main__:ConjuredTest46, 22, 63
INFO:__main__:ConjuredTest47, 13, 19
INFO:__main__:ConjuredTest48, 1, 77
INFO:__main__:ConjuredTest49, 93, 86
INFO:__main__:
GildedRose done

INFO:__main__:generated 50 items

INFO:__main__:

INFO:__main__:Test0, 88, 50
INFO:__main__:Test1, 3, 6
INFO:__main__:Test2, 64, 50
INFO:__main__:Test3, 72, 31
INFO:__main__:Test4, 22, 40
INFO:__main__:Test5, 45, 50
INFO:__main__:Test6, 67, 50
INFO:__main__:Test7, 25, 26
INFO:__main__:Test8, 52, 50
INFO:__main__:Test9, 53, 26
INFO:__main__:

INFO:__main__:Sulfuras, The Hand of Ragnaros, 39, 50
INFO:__main__:Sulfuras, The Hand of Ragnaros, 91, 50
INFO:__main__:Sulfuras, The Hand of Ragnaros, 93, 50
INFO:__main__:Sulfuras, The Hand of Ragnaros, 13, 50
INFO:__main__:Sulfuras, The Hand of Ragnaros, 2, 50
INFO:__main__:Sulfuras, The Hand of Ragnaros, 19, 50
INFO:__main__:Sulfuras, The Hand of Ragnaros, 92, 50
INFO:__main__:Sulfuras, The Hand of Ragnaros, 16, 50
INFO:__main__:Sulfuras, The Hand of Ragnaros, 83, 50
INFO:__main__:Sulfuras, The Hand of Ragnaros, 58, 50
INFO:__main__:

INFO:__main__:Aged Brie, 38, 19
INFO:__main__:Aged Brie, 23, 4
INFO:__main__:Aged Brie, 4, 50
INFO:__main__:Aged Brie, 4, 19
INFO:__main__:Aged Brie, 28, 50
INFO:__main__:Aged Brie, 1, 50
INFO:__main__:Aged Brie, 20, 22
INFO:__main__:Aged Brie, 86, 50
INFO:__main__:Aged Brie, 9, 45
INFO:__main__:Aged Brie, 44, 50
INFO:__main__:

INFO:__main__:Backstage passesTest30, 24, 50
INFO:__main__:Backstage passesTest31, 61, 15
INFO:__main__:Backstage passesTest32, 92, 50
INFO:__main__:Backstage passesTest33, 96, 47
INFO:__main__:Backstage passesTest34, 18, 50
INFO:__main__:Backstage passesTest35, 83, 50
INFO:__main__:Backstage passesTest36, 13, 26
INFO:__main__:Backstage passesTest37, 55, 50
INFO:__main__:Backstage passesTest38, 6, 1
INFO:__main__:Backstage passesTest39, 22, 7
INFO:__main__:

INFO:__main__:ConjuredTest40, 41, 15
INFO:__main__:ConjuredTest41, 28, 17
INFO:__main__:ConjuredTest42, 4, 37
INFO:__main__:ConjuredTest43, 66, 50
INFO:__main__:ConjuredTest44, 81, 9
INFO:__main__:ConjuredTest45, 63, 50
INFO:__main__:ConjuredTest46, 21, 50
INFO:__main__:ConjuredTest47, 12, 19
INFO:__main__:ConjuredTest48, 0, 50
INFO:__main__:ConjuredTest49, 92, 50
